<?xml version="1.0" encoding="UTF-8"?>
<testng-results ignored="0" total="1" passed="1" failed="0" skipped="0">
  <reporter-output>
    <line>
      <![CDATA[Database Connected]]>
    </line>
    <line>
      <![CDATA[Browser Launched Successfully]]>
    </line>
    <line>
      <![CDATA[Logged In Successfully]]>
    </line>
    <line>
      <![CDATA[Logged Out Successfully]]>
    </line>
    <line>
      <![CDATA[Browser Closed Successfully]]>
    </line>
    <line>
      <![CDATA[Database Disconnected Successfully]]>
    </line>
  </reporter-output>
  <suite started-at="2023-09-29T09:03:32 IST" name="Default suite" finished-at="2023-09-29T09:03:57 IST" duration-ms="25341">
    <groups>
    </groups>
    <test started-at="2023-09-29T09:03:32 IST" name="Default test" finished-at="2023-09-29T09:03:57 IST" duration-ms="25341">
      <class name="com.Actitime.TestScripts.CreateCustomer">
        <test-method is-config="true" signature="databaseConnection()[pri:0, instance:com.Actitime.TestScripts.CreateCustomer@aba625]" started-at="2023-09-29T09:03:32 IST" name="databaseConnection" finished-at="2023-09-29T09:03:32 IST" duration-ms="24" status="PASS">
          <reporter-output>
            <line>
              <![CDATA[Database Connected]]>
            </line>
          </reporter-output>
        </test-method> <!-- databaseConnection -->
        <test-method is-config="true" signature="launchBrowser()[pri:0, instance:com.Actitime.TestScripts.CreateCustomer@aba625]" started-at="2023-09-29T09:03:32 IST" name="launchBrowser" finished-at="2023-09-29T09:03:45 IST" duration-ms="13170" status="PASS">
          <reporter-output>
            <line>
              <![CDATA[Browser Launched Successfully]]>
            </line>
          </reporter-output>
        </test-method> <!-- launchBrowser -->
        <test-method is-config="true" signature="loginToActitime()[pri:0, instance:com.Actitime.TestScripts.CreateCustomer@aba625]" started-at="2023-09-29T09:03:45 IST" name="loginToActitime" finished-at="2023-09-29T09:03:45 IST" duration-ms="285" status="PASS">
          <reporter-output>
            <line>
              <![CDATA[Logged In Successfully]]>
            </line>
          </reporter-output>
        </test-method> <!-- loginToActitime -->
        <test-method signature="createcustomer()[pri:0, instance:com.Actitime.TestScripts.CreateCustomer@aba625]" started-at="2023-09-29T09:03:45 IST" name="createcustomer" finished-at="2023-09-29T09:03:55 IST" duration-ms="9567" status="PASS">
          <reporter-output>
          </reporter-output>
        </test-method> <!-- createcustomer -->
        <test-method is-config="true" signature="logoutFromActitime()[pri:0, instance:com.Actitime.TestScripts.CreateCustomer@aba625]" started-at="2023-09-29T09:03:55 IST" name="logoutFromActitime" finished-at="2023-09-29T09:03:57 IST" duration-ms="2122" status="PASS">
          <reporter-output>
            <line>
              <![CDATA[Logged Out Successfully]]>
            </line>
          </reporter-output>
        </test-method> <!-- logoutFromActitime -->
        <test-method is-config="true" signature="closeBrowser()[pri:0, instance:com.Actitime.TestScripts.CreateCustomer@aba625]" started-at="2023-09-29T09:03:57 IST" name="closeBrowser" finished-at="2023-09-29T09:03:57 IST" duration-ms="153" status="PASS">
          <reporter-output>
            <line>
              <![CDATA[Browser Closed Successfully]]>
            </line>
          </reporter-output>
        </test-method> <!-- closeBrowser -->
        <test-method is-config="true" signature="databaseDisconnected()[pri:0, instance:com.Actitime.TestScripts.CreateCustomer@aba625]" started-at="2023-09-29T09:03:57 IST" name="databaseDisconnected" finished-at="2023-09-29T09:03:57 IST" duration-ms="1" status="PASS">
          <reporter-output>
            <line>
              <![CDATA[Database Disconnected Successfully]]>
            </line>
          </reporter-output>
        </test-method> <!-- databaseDisconnected -->
      </class> <!-- com.Actitime.TestScripts.CreateCustomer -->
    </test> <!-- Default test -->
  </suite> <!-- Default suite -->
</testng-results>
